d:\repos\tagboxii\tagboxii\debug\tagboxii.pch
d:\repos\tagboxii\tagboxii\debug\vc142.pdb
d:\repos\tagboxii\tagboxii\debug\vc142.idb
d:\repos\tagboxii\tagboxii\debug\pch.obj
d:\repos\tagboxii\tagboxii\debug\tagboxiidlg.obj
d:\repos\tagboxii\tagboxii\debug\tagboxii.obj
d:\repos\tagboxii\tagboxii\debug\csplashthread.obj
d:\repos\tagboxii\tagboxii\debug\csplashdlg.obj
d:\repos\tagboxii\tagboxii\debug\cpictureex.obj
d:\repos\tagboxii\tagboxii\debug\cmaingamedlg.obj
d:\repos\tagboxii\tagboxii\debug\cgame.obj
d:\repos\tagboxii\tagboxii\debug\cabout.obj
d:\repos\tagboxii\tagboxii\debug\tagboxii.ilk
d:\repos\tagboxii\debug\tagboxii.exe
d:\repos\tagboxii\debug\tagboxii.pdb
d:\repos\tagboxii\tagboxii\debug\tagboxii.res
d:\repos\tagboxii\tagboxii\debug\tagboxii.tlog\cl.command.1.tlog
d:\repos\tagboxii\tagboxii\debug\tagboxii.tlog\cl.read.1.tlog
d:\repos\tagboxii\tagboxii\debug\tagboxii.tlog\cl.write.1.tlog
d:\repos\tagboxii\tagboxii\debug\tagboxii.tlog\link.command.1.tlog
d:\repos\tagboxii\tagboxii\debug\tagboxii.tlog\link.read.1.tlog
d:\repos\tagboxii\tagboxii\debug\tagboxii.tlog\link.write.1.tlog
d:\repos\tagboxii\tagboxii\debug\tagboxii.tlog\rc.command.1.tlog
d:\repos\tagboxii\tagboxii\debug\tagboxii.tlog\rc.read.1.tlog
d:\repos\tagboxii\tagboxii\debug\tagboxii.tlog\rc.write.1.tlog
